{"C:\\Users\\akula.s\\Downloads\\react-typescript-graphql-master (1)\\react-typescript-graphql-master\\client\\src\\App.tsx": {"path":"C:\\Users\\akula.s\\Downloads\\react-typescript-graphql-master (1)\\react-typescript-graphql-master\\client\\src\\App.tsx","statementMap":{"0":{"start":{"line":15,"column":16},"end":{"line":15,"column":38}},"1":{"start":{"line":20,"column":4},"end":{"line":20,"column":77}},"2":{"start":{"line":21,"column":4},"end":{"line":31,"column":6}}},"fnMap":{"0":{"name":"(anonymous_0)","decl":{"start":{"line":19,"column":2},"end":{"line":19,"column":3}},"loc":{"start":{"line":19,"column":11},"end":{"line":32,"column":3}},"line":19}},"branchMap":{},"s":{"0":1,"1":1,"2":1},"f":{"0":1},"b":{},"_coverageSchema":"43e27e138ebf9cfc5966b082cf9a028302ed4184","hash":"713b7bf52c3cad9a3192453e02cee69b9564a044"}
,"C:\\Users\\akula.s\\Downloads\\react-typescript-graphql-master (1)\\react-typescript-graphql-master\\client\\src\\AppRoutes.tsx": {"path":"C:\\Users\\akula.s\\Downloads\\react-typescript-graphql-master (1)\\react-typescript-graphql-master\\client\\src\\AppRoutes.tsx","statementMap":{"0":{"start":{"line":7,"column":35},"end":{"line":13,"column":1}},"1":{"start":{"line":8,"column":2},"end":{"line":11,"column":11}}},"fnMap":{"0":{"name":"(anonymous_0)","decl":{"start":{"line":7,"column":35},"end":{"line":7,"column":36}},"loc":{"start":{"line":8,"column":2},"end":{"line":11,"column":11}},"line":8}},"branchMap":{},"s":{"0":1,"1":1},"f":{"0":1},"b":{},"_coverageSchema":"43e27e138ebf9cfc5966b082cf9a028302ed4184","hash":"211a87bfa4cb97803b9dd16198e6b094814fe18b"}
,"C:\\Users\\akula.s\\Downloads\\react-typescript-graphql-master (1)\\react-typescript-graphql-master\\client\\src\\index.tsx": {"path":"C:\\Users\\akula.s\\Downloads\\react-typescript-graphql-master (1)\\react-typescript-graphql-master\\client\\src\\index.tsx","statementMap":{"0":{"start":{"line":7,"column":0},"end":{"line":7,"column":58}},"1":{"start":{"line":12,"column":0},"end":{"line":12,"column":27}}},"fnMap":{},"branchMap":{},"s":{"0":0,"1":0},"f":{},"b":{},"hash":"5b31e58dea0f8bd7593af2c37383efcd7d91118d"}
,"C:\\Users\\akula.s\\Downloads\\react-typescript-graphql-master (1)\\react-typescript-graphql-master\\client\\src\\serviceWorker.ts": {"path":"C:\\Users\\akula.s\\Downloads\\react-typescript-graphql-master (1)\\react-typescript-graphql-master\\client\\src\\serviceWorker.ts","statementMap":{"0":{"start":{"line":13,"column":20},"end":{"line":21,"column":1}},"1":{"start":{"line":29,"column":2},"end":{"line":62,"column":3}},"2":{"start":{"line":31,"column":22},"end":{"line":34,"column":5}},"3":{"start":{"line":35,"column":4},"end":{"line":40,"column":5}},"4":{"start":{"line":39,"column":6},"end":{"line":39,"column":13}},"5":{"start":{"line":42,"column":4},"end":{"line":61,"column":7}},"6":{"start":{"line":43,"column":20},"end":{"line":43,"column":65}},"7":{"start":{"line":45,"column":6},"end":{"line":60,"column":7}},"8":{"start":{"line":47,"column":8},"end":{"line":47,"column":47}},"9":{"start":{"line":51,"column":8},"end":{"line":56,"column":11}},"10":{"start":{"line":52,"column":10},"end":{"line":55,"column":12}},"11":{"start":{"line":59,"column":8},"end":{"line":59,"column":39}},"12":{"start":{"line":66,"column":2},"end":{"line":106,"column":7}},"13":{"start":{"line":69,"column":6},"end":{"line":102,"column":8}},"14":{"start":{"line":70,"column":33},"end":{"line":70,"column":56}},"15":{"start":{"line":71,"column":8},"end":{"line":73,"column":9}},"16":{"start":{"line":72,"column":10},"end":{"line":72,"column":17}},"17":{"start":{"line":74,"column":8},"end":{"line":101,"column":10}},"18":{"start":{"line":75,"column":10},"end":{"line":100,"column":11}},"19":{"start":{"line":76,"column":12},"end":{"line":99,"column":13}},"20":{"start":{"line":80,"column":14},"end":{"line":83,"column":16}},"21":{"start":{"line":86,"column":14},"end":{"line":88,"column":15}},"22":{"start":{"line":87,"column":16},"end":{"line":87,"column":46}},"23":{"start":{"line":93,"column":14},"end":{"line":93,"column":64}},"24":{"start":{"line":96,"column":14},"end":{"line":98,"column":15}},"25":{"start":{"line":97,"column":16},"end":{"line":97,"column":47}},"26":{"start":{"line":105,"column":6},"end":{"line":105,"column":72}},"27":{"start":{"line":111,"column":2},"end":{"line":134,"column":7}},"28":{"start":{"line":114,"column":26},"end":{"line":114,"column":62}},"29":{"start":{"line":115,"column":6},"end":{"line":128,"column":7}},"30":{"start":{"line":120,"column":8},"end":{"line":124,"column":11}},"31":{"start":{"line":121,"column":10},"end":{"line":123,"column":13}},"32":{"start":{"line":122,"column":12},"end":{"line":122,"column":37}},"33":{"start":{"line":127,"column":8},"end":{"line":127,"column":39}},"34":{"start":{"line":131,"column":6},"end":{"line":133,"column":8}},"35":{"start":{"line":138,"column":2},"end":{"line":142,"column":3}},"36":{"start":{"line":139,"column":4},"end":{"line":141,"column":7}},"37":{"start":{"line":140,"column":6},"end":{"line":140,"column":32}}},"fnMap":{"0":{"name":"register","decl":{"start":{"line":28,"column":16},"end":{"line":28,"column":24}},"loc":{"start":{"line":28,"column":42},"end":{"line":63,"column":1}},"line":28},"1":{"name":"(anonymous_1)","decl":{"start":{"line":42,"column":36},"end":{"line":42,"column":37}},"loc":{"start":{"line":42,"column":42},"end":{"line":61,"column":5}},"line":42},"2":{"name":"(anonymous_2)","decl":{"start":{"line":51,"column":43},"end":{"line":51,"column":44}},"loc":{"start":{"line":51,"column":49},"end":{"line":56,"column":9}},"line":51},"3":{"name":"registerValidSW","decl":{"start":{"line":65,"column":9},"end":{"line":65,"column":24}},"loc":{"start":{"line":65,"column":57},"end":{"line":107,"column":1}},"line":65},"4":{"name":"(anonymous_4)","decl":{"start":{"line":68,"column":10},"end":{"line":68,"column":11}},"loc":{"start":{"line":68,"column":26},"end":{"line":103,"column":5}},"line":68},"5":{"name":"(anonymous_5)","decl":{"start":{"line":69,"column":35},"end":{"line":69,"column":36}},"loc":{"start":{"line":69,"column":41},"end":{"line":102,"column":7}},"line":69},"6":{"name":"(anonymous_6)","decl":{"start":{"line":74,"column":41},"end":{"line":74,"column":42}},"loc":{"start":{"line":74,"column":47},"end":{"line":101,"column":9}},"line":74},"7":{"name":"(anonymous_7)","decl":{"start":{"line":104,"column":11},"end":{"line":104,"column":12}},"loc":{"start":{"line":104,"column":20},"end":{"line":106,"column":5}},"line":104},"8":{"name":"checkValidServiceWorker","decl":{"start":{"line":109,"column":9},"end":{"line":109,"column":32}},"loc":{"start":{"line":109,"column":65},"end":{"line":135,"column":1}},"line":109},"9":{"name":"(anonymous_9)","decl":{"start":{"line":112,"column":10},"end":{"line":112,"column":11}},"loc":{"start":{"line":112,"column":22},"end":{"line":129,"column":5}},"line":112},"10":{"name":"(anonymous_10)","decl":{"start":{"line":120,"column":43},"end":{"line":120,"column":44}},"loc":{"start":{"line":120,"column":59},"end":{"line":124,"column":9}},"line":120},"11":{"name":"(anonymous_11)","decl":{"start":{"line":121,"column":41},"end":{"line":121,"column":42}},"loc":{"start":{"line":121,"column":47},"end":{"line":123,"column":11}},"line":121},"12":{"name":"(anonymous_12)","decl":{"start":{"line":130,"column":11},"end":{"line":130,"column":12}},"loc":{"start":{"line":130,"column":17},"end":{"line":134,"column":5}},"line":130},"13":{"name":"unregister","decl":{"start":{"line":137,"column":16},"end":{"line":137,"column":26}},"loc":{"start":{"line":137,"column":29},"end":{"line":143,"column":1}},"line":137},"14":{"name":"(anonymous_14)","decl":{"start":{"line":139,"column":39},"end":{"line":139,"column":40}},"loc":{"start":{"line":139,"column":55},"end":{"line":141,"column":5}},"line":139}},"branchMap":{"0":{"loc":{"start":{"line":14,"column":2},"end":{"line":20,"column":5}},"type":"binary-expr","locations":[{"start":{"line":14,"column":2},"end":{"line":14,"column":42}},{"start":{"line":16,"column":4},"end":{"line":16,"column":40}},{"start":{"line":18,"column":4},"end":{"line":20,"column":5}}],"line":14},"1":{"loc":{"start":{"line":29,"column":2},"end":{"line":62,"column":3}},"type":"if","locations":[{"start":{"line":29,"column":2},"end":{"line":62,"column":3}},{"start":{"line":29,"column":2},"end":{"line":62,"column":3}}],"line":29},"2":{"loc":{"start":{"line":29,"column":6},"end":{"line":29,"column":75}},"type":"binary-expr","locations":[{"start":{"line":29,"column":6},"end":{"line":29,"column":43}},{"start":{"line":29,"column":47},"end":{"line":29,"column":75}}],"line":29},"3":{"loc":{"start":{"line":35,"column":4},"end":{"line":40,"column":5}},"type":"if","locations":[{"start":{"line":35,"column":4},"end":{"line":40,"column":5}},{"start":{"line":35,"column":4},"end":{"line":40,"column":5}}],"line":35},"4":{"loc":{"start":{"line":45,"column":6},"end":{"line":60,"column":7}},"type":"if","locations":[{"start":{"line":45,"column":6},"end":{"line":60,"column":7}},{"start":{"line":45,"column":6},"end":{"line":60,"column":7}}],"line":45},"5":{"loc":{"start":{"line":71,"column":8},"end":{"line":73,"column":9}},"type":"if","locations":[{"start":{"line":71,"column":8},"end":{"line":73,"column":9}},{"start":{"line":71,"column":8},"end":{"line":73,"column":9}}],"line":71},"6":{"loc":{"start":{"line":75,"column":10},"end":{"line":100,"column":11}},"type":"if","locations":[{"start":{"line":75,"column":10},"end":{"line":100,"column":11}},{"start":{"line":75,"column":10},"end":{"line":100,"column":11}}],"line":75},"7":{"loc":{"start":{"line":76,"column":12},"end":{"line":99,"column":13}},"type":"if","locations":[{"start":{"line":76,"column":12},"end":{"line":99,"column":13}},{"start":{"line":76,"column":12},"end":{"line":99,"column":13}}],"line":76},"8":{"loc":{"start":{"line":86,"column":14},"end":{"line":88,"column":15}},"type":"if","locations":[{"start":{"line":86,"column":14},"end":{"line":88,"column":15}},{"start":{"line":86,"column":14},"end":{"line":88,"column":15}}],"line":86},"9":{"loc":{"start":{"line":86,"column":18},"end":{"line":86,"column":43}},"type":"binary-expr","locations":[{"start":{"line":86,"column":18},"end":{"line":86,"column":24}},{"start":{"line":86,"column":28},"end":{"line":86,"column":43}}],"line":86},"10":{"loc":{"start":{"line":96,"column":14},"end":{"line":98,"column":15}},"type":"if","locations":[{"start":{"line":96,"column":14},"end":{"line":98,"column":15}},{"start":{"line":96,"column":14},"end":{"line":98,"column":15}}],"line":96},"11":{"loc":{"start":{"line":96,"column":18},"end":{"line":96,"column":44}},"type":"binary-expr","locations":[{"start":{"line":96,"column":18},"end":{"line":96,"column":24}},{"start":{"line":96,"column":28},"end":{"line":96,"column":44}}],"line":96},"12":{"loc":{"start":{"line":115,"column":6},"end":{"line":128,"column":7}},"type":"if","locations":[{"start":{"line":115,"column":6},"end":{"line":128,"column":7}},{"start":{"line":115,"column":6},"end":{"line":128,"column":7}}],"line":115},"13":{"loc":{"start":{"line":116,"column":8},"end":{"line":117,"column":73}},"type":"binary-expr","locations":[{"start":{"line":116,"column":8},"end":{"line":116,"column":31}},{"start":{"line":117,"column":9},"end":{"line":117,"column":28}},{"start":{"line":117,"column":32},"end":{"line":117,"column":72}}],"line":116},"14":{"loc":{"start":{"line":138,"column":2},"end":{"line":142,"column":3}},"type":"if","locations":[{"start":{"line":138,"column":2},"end":{"line":142,"column":3}},{"start":{"line":138,"column":2},"end":{"line":142,"column":3}}],"line":138}},"s":{"0":0,"1":0,"2":0,"3":0,"4":0,"5":0,"6":0,"7":0,"8":0,"9":0,"10":0,"11":0,"12":0,"13":0,"14":0,"15":0,"16":0,"17":0,"18":0,"19":0,"20":0,"21":0,"22":0,"23":0,"24":0,"25":0,"26":0,"27":0,"28":0,"29":0,"30":0,"31":0,"32":0,"33":0,"34":0,"35":0,"36":0,"37":0},"f":{"0":0,"1":0,"2":0,"3":0,"4":0,"5":0,"6":0,"7":0,"8":0,"9":0,"10":0,"11":0,"12":0,"13":0,"14":0},"b":{"0":[0,0,0],"1":[0,0],"2":[0,0],"3":[0,0],"4":[0,0],"5":[0,0],"6":[0,0],"7":[0,0],"8":[0,0],"9":[0,0],"10":[0,0],"11":[0,0],"12":[0,0],"13":[0,0,0],"14":[0,0]},"hash":"3728ec2af6eeb1e0b3aa86e4c7601aafbfa37a90"}
,"C:\\Users\\akula.s\\Downloads\\react-typescript-graphql-master (1)\\react-typescript-graphql-master\\client\\src\\components\\common\\error.message.tsx": {"path":"C:\\Users\\akula.s\\Downloads\\react-typescript-graphql-master (1)\\react-typescript-graphql-master\\client\\src\\components\\common\\error.message.tsx","statementMap":{"0":{"start":{"line":7,"column":42},"end":{"line":15,"column":1}},"1":{"start":{"line":8,"column":2},"end":{"line":14,"column":4}}},"fnMap":{"0":{"name":"(anonymous_0)","decl":{"start":{"line":7,"column":42},"end":{"line":7,"column":43}},"loc":{"start":{"line":7,"column":53},"end":{"line":15,"column":1}},"line":7}},"branchMap":{},"s":{"0":1,"1":0},"f":{"0":0},"b":{},"_coverageSchema":"43e27e138ebf9cfc5966b082cf9a028302ed4184","hash":"7b93374cf870cc93def430b2ef3aaa5090145a01"}
,"C:\\Users\\akula.s\\Downloads\\react-typescript-graphql-master (1)\\react-typescript-graphql-master\\client\\src\\components\\common\\loading.tsx": {"path":"C:\\Users\\akula.s\\Downloads\\react-typescript-graphql-master (1)\\react-typescript-graphql-master\\client\\src\\components\\common\\loading.tsx","statementMap":{"0":{"start":{"line":7,"column":37},"end":{"line":15,"column":1}},"1":{"start":{"line":8,"column":2},"end":{"line":14,"column":4}}},"fnMap":{"0":{"name":"(anonymous_0)","decl":{"start":{"line":7,"column":37},"end":{"line":7,"column":38}},"loc":{"start":{"line":7,"column":48},"end":{"line":15,"column":1}},"line":7}},"branchMap":{"0":{"loc":{"start":{"line":11,"column":16},"end":{"line":11,"column":60}},"type":"cond-expr","locations":[{"start":{"line":11,"column":32},"end":{"line":11,"column":45}},{"start":{"line":11,"column":48},"end":{"line":11,"column":60}}],"line":11}},"s":{"0":1,"1":1},"f":{"0":1},"b":{"0":[0,1]},"_coverageSchema":"43e27e138ebf9cfc5966b082cf9a028302ed4184","hash":"952455af400be749f0f87956c6388b29976fd556"}
,"C:\\Users\\akula.s\\Downloads\\react-typescript-graphql-master (1)\\react-typescript-graphql-master\\client\\src\\components\\contact\\contact.creation.tsx": {"path":"C:\\Users\\akula.s\\Downloads\\react-typescript-graphql-master (1)\\react-typescript-graphql-master\\client\\src\\components\\contact\\contact.creation.tsx","statementMap":{"0":{"start":{"line":11,"column":60},"end":{"line":141,"column":1}},"1":{"start":{"line":14,"column":40},"end":{"line":19,"column":3}},"2":{"start":{"line":21,"column":17},"end":{"line":21,"column":34}},"3":{"start":{"line":23,"column":23},"end":{"line":23,"column":54}},"4":{"start":{"line":26,"column":32},"end":{"line":26,"column":67}},"5":{"start":{"line":28,"column":2},"end":{"line":35,"column":27}},"6":{"start":{"line":29,"column":4},"end":{"line":34,"column":5}},"7":{"start":{"line":30,"column":6},"end":{"line":33,"column":9}},"8":{"start":{"line":31,"column":24},"end":{"line":31,"column":55}},"9":{"start":{"line":32,"column":8},"end":{"line":32,"column":27}},"10":{"start":{"line":37,"column":22},"end":{"line":39,"column":3}},"11":{"start":{"line":38,"column":4},"end":{"line":38,"column":36}},"12":{"start":{"line":41,"column":23},"end":{"line":64,"column":3}},"13":{"start":{"line":44,"column":4},"end":{"line":44,"column":23}},"14":{"start":{"line":46,"column":4},"end":{"line":61,"column":5}},"15":{"start":{"line":47,"column":6},"end":{"line":55,"column":9}},"16":{"start":{"line":53,"column":24},"end":{"line":53,"column":55}},"17":{"start":{"line":54,"column":8},"end":{"line":54,"column":46}},"18":{"start":{"line":57,"column":6},"end":{"line":60,"column":8}},"19":{"start":{"line":63,"column":4},"end":{"line":63,"column":18}},"20":{"start":{"line":70,"column":28},"end":{"line":77,"column":3}},"21":{"start":{"line":73,"column":4},"end":{"line":73,"column":23}},"22":{"start":{"line":75,"column":19},"end":{"line":75,"column":34}},"23":{"start":{"line":76,"column":4},"end":{"line":76,"column":73}},"24":{"start":{"line":76,"column":27},"end":{"line":76,"column":70}},"25":{"start":{"line":79,"column":2},"end":{"line":140,"column":4}}},"fnMap":{"0":{"name":"(anonymous_0)","decl":{"start":{"line":11,"column":60},"end":{"line":11,"column":61}},"loc":{"start":{"line":13,"column":5},"end":{"line":141,"column":1}},"line":13},"1":{"name":"(anonymous_1)","decl":{"start":{"line":28,"column":18},"end":{"line":28,"column":19}},"loc":{"start":{"line":28,"column":24},"end":{"line":35,"column":3}},"line":28},"2":{"name":"(anonymous_2)","decl":{"start":{"line":30,"column":91},"end":{"line":30,"column":92}},"loc":{"start":{"line":30,"column":101},"end":{"line":33,"column":7}},"line":30},"3":{"name":"(anonymous_3)","decl":{"start":{"line":37,"column":22},"end":{"line":37,"column":23}},"loc":{"start":{"line":37,"column":28},"end":{"line":39,"column":3}},"line":37},"4":{"name":"(anonymous_4)","decl":{"start":{"line":41,"column":23},"end":{"line":41,"column":24}},"loc":{"start":{"line":43,"column":7},"end":{"line":64,"column":3}},"line":43},"5":{"name":"(anonymous_5)","decl":{"start":{"line":52,"column":60},"end":{"line":52,"column":61}},"loc":{"start":{"line":52,"column":70},"end":{"line":55,"column":7}},"line":52},"6":{"name":"(anonymous_6)","decl":{"start":{"line":70,"column":28},"end":{"line":70,"column":29}},"loc":{"start":{"line":72,"column":13},"end":{"line":77,"column":3}},"line":72},"7":{"name":"(anonymous_7)","decl":{"start":{"line":76,"column":15},"end":{"line":76,"column":16}},"loc":{"start":{"line":76,"column":27},"end":{"line":76,"column":70}},"line":76}},"branchMap":{"0":{"loc":{"start":{"line":29,"column":4},"end":{"line":34,"column":5}},"type":"if","locations":[{"start":{"line":29,"column":4},"end":{"line":34,"column":5}},{"start":{"line":29,"column":4},"end":{"line":34,"column":5}}],"line":29},"1":{"loc":{"start":{"line":29,"column":8},"end":{"line":29,"column":55}},"type":"binary-expr","locations":[{"start":{"line":29,"column":8},"end":{"line":29,"column":27}},{"start":{"line":29,"column":31},"end":{"line":29,"column":55}}],"line":29},"2":{"loc":{"start":{"line":46,"column":4},"end":{"line":61,"column":5}},"type":"if","locations":[{"start":{"line":46,"column":4},"end":{"line":61,"column":5}},{"start":{"line":46,"column":4},"end":{"line":61,"column":5}}],"line":46},"3":{"loc":{"start":{"line":132,"column":15},"end":{"line":132,"column":106}},"type":"binary-expr","locations":[{"start":{"line":132,"column":15},"end":{"line":132,"column":29}},{"start":{"line":132,"column":33},"end":{"line":132,"column":106}}],"line":132},"4":{"loc":{"start":{"line":133,"column":15},"end":{"line":133,"column":106}},"type":"binary-expr","locations":[{"start":{"line":133,"column":15},"end":{"line":133,"column":30}},{"start":{"line":133,"column":34},"end":{"line":133,"column":106}}],"line":133}},"s":{"0":1,"1":1,"2":1,"3":1,"4":1,"5":1,"6":1,"7":0,"8":0,"9":0,"10":1,"11":0,"12":1,"13":0,"14":0,"15":0,"16":0,"17":0,"18":0,"19":0,"20":1,"21":0,"22":0,"23":0,"24":0,"25":1},"f":{"0":1,"1":1,"2":0,"3":0,"4":0,"5":0,"6":0,"7":0},"b":{"0":[0,1],"1":[1,0],"2":[0,0],"3":[1,0],"4":[1,1]},"_coverageSchema":"43e27e138ebf9cfc5966b082cf9a028302ed4184","hash":"d42833dd902201b090cb0d977721b5dd156c7980"}
,"C:\\Users\\akula.s\\Downloads\\react-typescript-graphql-master (1)\\react-typescript-graphql-master\\client\\src\\components\\contact\\contact.list.tsx": {"path":"C:\\Users\\akula.s\\Downloads\\react-typescript-graphql-master (1)\\react-typescript-graphql-master\\client\\src\\components\\contact\\contact.list.tsx","statementMap":{"0":{"start":{"line":18,"column":41},"end":{"line":64,"column":1}},"1":{"start":{"line":19,"column":35},"end":{"line":19,"column":68}},"2":{"start":{"line":23,"column":2},"end":{"line":23,"column":38}},"3":{"start":{"line":23,"column":15},"end":{"line":23,"column":38}},"4":{"start":{"line":24,"column":2},"end":{"line":24,"column":64}},"5":{"start":{"line":24,"column":22},"end":{"line":24,"column":64}},"6":{"start":{"line":26,"column":2},"end":{"line":63,"column":4}},"7":{"start":{"line":45,"column":16},"end":{"line":57,"column":18}}},"fnMap":{"0":{"name":"(anonymous_0)","decl":{"start":{"line":18,"column":41},"end":{"line":18,"column":42}},"loc":{"start":{"line":18,"column":52},"end":{"line":64,"column":1}},"line":18},"1":{"name":"(anonymous_1)","decl":{"start":{"line":44,"column":32},"end":{"line":44,"column":33}},"loc":{"start":{"line":44,"column":59},"end":{"line":58,"column":15}},"line":44}},"branchMap":{"0":{"loc":{"start":{"line":23,"column":2},"end":{"line":23,"column":38}},"type":"if","locations":[{"start":{"line":23,"column":2},"end":{"line":23,"column":38}},{"start":{"line":23,"column":2},"end":{"line":23,"column":38}}],"line":23},"1":{"loc":{"start":{"line":24,"column":2},"end":{"line":24,"column":64}},"type":"if","locations":[{"start":{"line":24,"column":2},"end":{"line":24,"column":64}},{"start":{"line":24,"column":2},"end":{"line":24,"column":64}}],"line":24},"2":{"loc":{"start":{"line":24,"column":6},"end":{"line":24,"column":20}},"type":"binary-expr","locations":[{"start":{"line":24,"column":6},"end":{"line":24,"column":11}},{"start":{"line":24,"column":15},"end":{"line":24,"column":20}}],"line":24},"3":{"loc":{"start":{"line":42,"column":13},"end":{"line":58,"column":16}},"type":"binary-expr","locations":[{"start":{"line":42,"column":13},"end":{"line":42,"column":17}},{"start":{"line":42,"column":21},"end":{"line":42,"column":34}},{"start":{"line":43,"column":14},"end":{"line":43,"column":38}},{"start":{"line":44,"column":14},"end":{"line":58,"column":16}}],"line":42}},"s":{"0":1,"1":1,"2":1,"3":1,"4":0,"5":0,"6":0,"7":0},"f":{"0":1,"1":0},"b":{"0":[1,0],"1":[0,0],"2":[0,0],"3":[0,0,0,0]},"_coverageSchema":"43e27e138ebf9cfc5966b082cf9a028302ed4184","hash":"24dd55fe19e55cc44c5211f3c311df184a847b68"}
,"C:\\Users\\akula.s\\Downloads\\react-typescript-graphql-master (1)\\react-typescript-graphql-master\\client\\src\\components\\contact\\contact.tsx": {"path":"C:\\Users\\akula.s\\Downloads\\react-typescript-graphql-master (1)\\react-typescript-graphql-master\\client\\src\\components\\contact\\contact.tsx","statementMap":{"0":{"start":{"line":20,"column":4},"end":{"line":20,"column":17}},"1":{"start":{"line":22,"column":42},"end":{"line":27,"column":5}},"2":{"start":{"line":29,"column":4},"end":{"line":33,"column":6}},"3":{"start":{"line":37,"column":4},"end":{"line":86,"column":6}},"4":{"start":{"line":89,"column":26},"end":{"line":106,"column":3}},"5":{"start":{"line":90,"column":25},"end":{"line":90,"column":35}},"6":{"start":{"line":91,"column":4},"end":{"line":105,"column":5}},"7":{"start":{"line":92,"column":6},"end":{"line":102,"column":8}},"8":{"start":{"line":104,"column":6},"end":{"line":104,"column":17}},"9":{"start":{"line":108,"column":17},"end":{"line":114,"column":3}},"10":{"start":{"line":108,"column":33},"end":{"line":114,"column":3}},"11":{"start":{"line":109,"column":4},"end":{"line":113,"column":7}},"12":{"start":{"line":112,"column":6},"end":{"line":112,"column":44}},"13":{"start":{"line":116,"column":15},"end":{"line":118,"column":3}},"14":{"start":{"line":116,"column":31},"end":{"line":118,"column":3}},"15":{"start":{"line":117,"column":4},"end":{"line":117,"column":38}},"16":{"start":{"line":120,"column":20},"end":{"line":122,"column":3}},"17":{"start":{"line":121,"column":4},"end":{"line":121,"column":60}}},"fnMap":{"0":{"name":"(anonymous_0)","decl":{"start":{"line":19,"column":2},"end":{"line":19,"column":3}},"loc":{"start":{"line":19,"column":34},"end":{"line":34,"column":3}},"line":19},"1":{"name":"(anonymous_1)","decl":{"start":{"line":36,"column":2},"end":{"line":36,"column":3}},"loc":{"start":{"line":36,"column":11},"end":{"line":87,"column":3}},"line":36},"2":{"name":"(anonymous_2)","decl":{"start":{"line":89,"column":26},"end":{"line":89,"column":27}},"loc":{"start":{"line":89,"column":32},"end":{"line":106,"column":3}},"line":89},"3":{"name":"(anonymous_3)","decl":{"start":{"line":108,"column":17},"end":{"line":108,"column":18}},"loc":{"start":{"line":108,"column":33},"end":{"line":114,"column":3}},"line":108},"4":{"name":"(anonymous_4)","decl":{"start":{"line":108,"column":33},"end":{"line":108,"column":34}},"loc":{"start":{"line":108,"column":58},"end":{"line":114,"column":3}},"line":108},"5":{"name":"(anonymous_5)","decl":{"start":{"line":111,"column":58},"end":{"line":111,"column":59}},"loc":{"start":{"line":111,"column":68},"end":{"line":113,"column":5}},"line":111},"6":{"name":"(anonymous_6)","decl":{"start":{"line":116,"column":15},"end":{"line":116,"column":16}},"loc":{"start":{"line":116,"column":31},"end":{"line":118,"column":3}},"line":116},"7":{"name":"(anonymous_7)","decl":{"start":{"line":116,"column":31},"end":{"line":116,"column":32}},"loc":{"start":{"line":116,"column":56},"end":{"line":118,"column":3}},"line":116},"8":{"name":"(anonymous_8)","decl":{"start":{"line":120,"column":20},"end":{"line":120,"column":21}},"loc":{"start":{"line":120,"column":26},"end":{"line":122,"column":3}},"line":120}},"branchMap":{"0":{"loc":{"start":{"line":91,"column":4},"end":{"line":105,"column":5}},"type":"if","locations":[{"start":{"line":91,"column":4},"end":{"line":105,"column":5}},{"start":{"line":91,"column":4},"end":{"line":105,"column":5}}],"line":91},"1":{"loc":{"start":{"line":91,"column":8},"end":{"line":91,"column":39}},"type":"binary-expr","locations":[{"start":{"line":91,"column":8},"end":{"line":91,"column":16}},{"start":{"line":91,"column":20},"end":{"line":91,"column":39}}],"line":91}},"s":{"0":1,"1":1,"2":1,"3":1,"4":1,"5":0,"6":0,"7":0,"8":0,"9":1,"10":0,"11":0,"12":0,"13":1,"14":0,"15":0,"16":1,"17":0},"f":{"0":1,"1":1,"2":0,"3":0,"4":0,"5":0,"6":0,"7":0,"8":0},"b":{"0":[0,0],"1":[0,0]},"_coverageSchema":"43e27e138ebf9cfc5966b082cf9a028302ed4184","hash":"f1153285e94f0ad6bc20024291ad9831962d2586"}
,"C:\\Users\\akula.s\\Downloads\\react-typescript-graphql-master (1)\\react-typescript-graphql-master\\client\\src\\components\\datatable\\client-side\\Datatable.tsx": {"path":"C:\\Users\\akula.s\\Downloads\\react-typescript-graphql-master (1)\\react-typescript-graphql-master\\client\\src\\components\\datatable\\client-side\\Datatable.tsx","statementMap":{"0":{"start":{"line":35,"column":4},"end":{"line":35,"column":17}},"1":{"start":{"line":36,"column":4},"end":{"line":41,"column":6}},"2":{"start":{"line":45,"column":4},"end":{"line":45,"column":66}},"3":{"start":{"line":49,"column":4},"end":{"line":49,"column":65}},"4":{"start":{"line":55,"column":21},"end":{"line":57,"column":3}},"5":{"start":{"line":56,"column":4},"end":{"line":56,"column":57}},"6":{"start":{"line":59,"column":23},"end":{"line":64,"column":3}},"7":{"start":{"line":62,"column":23},"end":{"line":62,"column":46}},"8":{"start":{"line":63,"column":4},"end":{"line":63,"column":70}},"9":{"start":{"line":63,"column":55},"end":{"line":63,"column":68}},"10":{"start":{"line":69,"column":11},"end":{"line":101,"column":3}},"11":{"start":{"line":70,"column":27},"end":{"line":70,"column":37}},"12":{"start":{"line":71,"column":32},"end":{"line":71,"column":34}},"13":{"start":{"line":72,"column":4},"end":{"line":94,"column":5}},"14":{"start":{"line":78,"column":28},"end":{"line":78,"column":52}},"15":{"start":{"line":80,"column":6},"end":{"line":92,"column":9}},"16":{"start":{"line":81,"column":40},"end":{"line":81,"column":62}},"17":{"start":{"line":82,"column":8},"end":{"line":91,"column":11}},"18":{"start":{"line":83,"column":10},"end":{"line":90,"column":11}},"19":{"start":{"line":84,"column":24},"end":{"line":84,"column":67}},"20":{"start":{"line":85,"column":26},"end":{"line":85,"column":53}},"21":{"start":{"line":86,"column":26},"end":{"line":86,"column":56}},"22":{"start":{"line":87,"column":12},"end":{"line":89,"column":13}},"23":{"start":{"line":88,"column":14},"end":{"line":88,"column":41}},"24":{"start":{"line":96,"column":4},"end":{"line":100,"column":5}},"25":{"start":{"line":97,"column":6},"end":{"line":97,"column":59}},"26":{"start":{"line":99,"column":6},"end":{"line":99,"column":68}},"27":{"start":{"line":109,"column":8},"end":{"line":109,"column":18}},"28":{"start":{"line":110,"column":33},"end":{"line":110,"column":43}},"29":{"start":{"line":112,"column":28},"end":{"line":112,"column":54}},"30":{"start":{"line":114,"column":4},"end":{"line":139,"column":6}},"31":{"start":{"line":145,"column":20},"end":{"line":161,"column":3}},"32":{"start":{"line":146,"column":4},"end":{"line":160,"column":6}},"33":{"start":{"line":168,"column":17},"end":{"line":174,"column":6}},"34":{"start":{"line":169,"column":6},"end":{"line":173,"column":8}},"35":{"start":{"line":176,"column":4},"end":{"line":189,"column":6}},"36":{"start":{"line":197,"column":17},"end":{"line":197,"column":42}},"37":{"start":{"line":200,"column":6},"end":{"line":256,"column":7}},"38":{"start":{"line":202,"column":29},"end":{"line":242,"column":14}},"39":{"start":{"line":203,"column":25},"end":{"line":203,"column":34}},"40":{"start":{"line":205,"column":26},"end":{"line":205,"column":45}},"41":{"start":{"line":206,"column":30},"end":{"line":206,"column":33}},"42":{"start":{"line":208,"column":14},"end":{"line":240,"column":15}},"43":{"start":{"line":210,"column":16},"end":{"line":239,"column":17}},"44":{"start":{"line":212,"column":20},"end":{"line":219,"column":22}},"45":{"start":{"line":220,"column":20},"end":{"line":220,"column":26}},"46":{"start":{"line":222,"column":20},"end":{"line":230,"column":21}},"47":{"start":{"line":223,"column":47},"end":{"line":223,"column":49}},"48":{"start":{"line":224,"column":22},"end":{"line":228,"column":25}},"49":{"start":{"line":225,"column":24},"end":{"line":227,"column":25}},"50":{"start":{"line":226,"column":26},"end":{"line":226,"column":52}},"51":{"start":{"line":229,"column":22},"end":{"line":229,"column":53}},"52":{"start":{"line":231,"column":20},"end":{"line":231,"column":26}},"53":{"start":{"line":233,"column":20},"end":{"line":233,"column":63}},"54":{"start":{"line":238,"column":20},"end":{"line":238,"column":26}},"55":{"start":{"line":241,"column":14},"end":{"line":241,"column":58}},"56":{"start":{"line":244,"column":10},"end":{"line":250,"column":12}},"57":{"start":{"line":258,"column":4},"end":{"line":262,"column":6}},"58":{"start":{"line":268,"column":21},"end":{"line":344,"column":3}},"59":{"start":{"line":269,"column":28},"end":{"line":269,"column":54}},"60":{"start":{"line":270,"column":24},"end":{"line":270,"column":34}},"61":{"start":{"line":272,"column":22},"end":{"line":272,"column":24}},"62":{"start":{"line":273,"column":4},"end":{"line":277,"column":7}},"63":{"start":{"line":274,"column":6},"end":{"line":276,"column":7}},"64":{"start":{"line":275,"column":8},"end":{"line":275,"column":36}},"65":{"start":{"line":278,"column":4},"end":{"line":280,"column":5}},"66":{"start":{"line":279,"column":6},"end":{"line":279,"column":13}},"67":{"start":{"line":282,"column":4},"end":{"line":284,"column":5}},"68":{"start":{"line":283,"column":6},"end":{"line":283,"column":13}},"69":{"start":{"line":286,"column":27},"end":{"line":341,"column":5}},"70":{"start":{"line":287,"column":6},"end":{"line":340,"column":8}},"71":{"start":{"line":295,"column":16},"end":{"line":311,"column":17}},"72":{"start":{"line":296,"column":34},"end":{"line":296,"column":41}},"73":{"start":{"line":297,"column":31},"end":{"line":297,"column":79}},"74":{"start":{"line":298,"column":18},"end":{"line":310,"column":20}},"75":{"start":{"line":313,"column":16},"end":{"line":328,"column":17}},"76":{"start":{"line":314,"column":18},"end":{"line":327,"column":20}},"77":{"start":{"line":330,"column":16},"end":{"line":336,"column":18}},"78":{"start":{"line":343,"column":4},"end":{"line":343,"column":35}},"79":{"start":{"line":350,"column":24},"end":{"line":372,"column":3}},"80":{"start":{"line":351,"column":25},"end":{"line":351,"column":35}},"81":{"start":{"line":352,"column":52},"end":{"line":352,"column":54}},"82":{"start":{"line":353,"column":4},"end":{"line":370,"column":7}},"83":{"start":{"line":354,"column":6},"end":{"line":356,"column":7}},"84":{"start":{"line":355,"column":8},"end":{"line":355,"column":15}},"85":{"start":{"line":362,"column":10},"end":{"line":362,"column":30}},"86":{"start":{"line":363,"column":6},"end":{"line":369,"column":9}},"87":{"start":{"line":371,"column":4},"end":{"line":371,"column":27}}},"fnMap":{"0":{"name":"(anonymous_0)","decl":{"start":{"line":34,"column":2},"end":{"line":34,"column":3}},"loc":{"start":{"line":34,"column":42},"end":{"line":42,"column":3}},"line":34},"1":{"name":"(anonymous_1)","decl":{"start":{"line":44,"column":2},"end":{"line":44,"column":3}},"loc":{"start":{"line":44,"column":22},"end":{"line":46,"column":3}},"line":44},"2":{"name":"(anonymous_2)","decl":{"start":{"line":48,"column":2},"end":{"line":48,"column":3}},"loc":{"start":{"line":48,"column":60},"end":{"line":50,"column":3}},"line":48},"3":{"name":"(anonymous_3)","decl":{"start":{"line":55,"column":21},"end":{"line":55,"column":22}},"loc":{"start":{"line":55,"column":62},"end":{"line":57,"column":3}},"line":55},"4":{"name":"(anonymous_4)","decl":{"start":{"line":59,"column":23},"end":{"line":59,"column":24}},"loc":{"start":{"line":61,"column":7},"end":{"line":64,"column":3}},"line":61},"5":{"name":"(anonymous_5)","decl":{"start":{"line":63,"column":49},"end":{"line":63,"column":50}},"loc":{"start":{"line":63,"column":55},"end":{"line":63,"column":68}},"line":63},"6":{"name":"(anonymous_6)","decl":{"start":{"line":69,"column":11},"end":{"line":69,"column":12}},"loc":{"start":{"line":69,"column":17},"end":{"line":101,"column":3}},"line":69},"7":{"name":"(anonymous_7)","decl":{"start":{"line":80,"column":36},"end":{"line":80,"column":37}},"loc":{"start":{"line":80,"column":47},"end":{"line":92,"column":7}},"line":80},"8":{"name":"(anonymous_8)","decl":{"start":{"line":82,"column":30},"end":{"line":82,"column":31}},"loc":{"start":{"line":82,"column":44},"end":{"line":91,"column":9}},"line":82},"9":{"name":"(anonymous_9)","decl":{"start":{"line":103,"column":2},"end":{"line":103,"column":3}},"loc":{"start":{"line":103,"column":11},"end":{"line":140,"column":3}},"line":103},"10":{"name":"(anonymous_10)","decl":{"start":{"line":145,"column":20},"end":{"line":145,"column":21}},"loc":{"start":{"line":145,"column":65},"end":{"line":161,"column":3}},"line":145},"11":{"name":"(anonymous_11)","decl":{"start":{"line":167,"column":2},"end":{"line":167,"column":3}},"loc":{"start":{"line":167,"column":57},"end":{"line":190,"column":3}},"line":167},"12":{"name":"(anonymous_12)","decl":{"start":{"line":168,"column":37},"end":{"line":168,"column":38}},"loc":{"start":{"line":168,"column":54},"end":{"line":174,"column":5}},"line":168},"13":{"name":"(anonymous_13)","decl":{"start":{"line":196,"column":2},"end":{"line":196,"column":3}},"loc":{"start":{"line":196,"column":54},"end":{"line":263,"column":3}},"line":196},"14":{"name":"(anonymous_14)","decl":{"start":{"line":201,"column":17},"end":{"line":201,"column":18}},"loc":{"start":{"line":201,"column":34},"end":{"line":251,"column":9}},"line":201},"15":{"name":"(anonymous_15)","decl":{"start":{"line":203,"column":20},"end":{"line":203,"column":21}},"loc":{"start":{"line":203,"column":25},"end":{"line":203,"column":34}},"line":203},"16":{"name":"(anonymous_16)","decl":{"start":{"line":204,"column":17},"end":{"line":204,"column":18}},"loc":{"start":{"line":204,"column":29},"end":{"line":242,"column":13}},"line":204},"17":{"name":"(anonymous_17)","decl":{"start":{"line":224,"column":34},"end":{"line":224,"column":35}},"loc":{"start":{"line":224,"column":52},"end":{"line":228,"column":23}},"line":224},"18":{"name":"(anonymous_18)","decl":{"start":{"line":268,"column":21},"end":{"line":268,"column":22}},"loc":{"start":{"line":268,"column":36},"end":{"line":344,"column":3}},"line":268},"19":{"name":"(anonymous_19)","decl":{"start":{"line":273,"column":28},"end":{"line":273,"column":29}},"loc":{"start":{"line":273,"column":35},"end":{"line":277,"column":5}},"line":273},"20":{"name":"(anonymous_20)","decl":{"start":{"line":286,"column":27},"end":{"line":286,"column":28}},"loc":{"start":{"line":286,"column":33},"end":{"line":341,"column":5}},"line":286},"21":{"name":"(anonymous_21)","decl":{"start":{"line":291,"column":26},"end":{"line":291,"column":27}},"loc":{"start":{"line":291,"column":41},"end":{"line":337,"column":15}},"line":291},"22":{"name":"(anonymous_22)","decl":{"start":{"line":350,"column":24},"end":{"line":350,"column":25}},"loc":{"start":{"line":350,"column":54},"end":{"line":372,"column":3}},"line":350},"23":{"name":"(anonymous_23)","decl":{"start":{"line":353,"column":37},"end":{"line":353,"column":38}},"loc":{"start":{"line":353,"column":48},"end":{"line":370,"column":5}},"line":353}},"branchMap":{"0":{"loc":{"start":{"line":72,"column":4},"end":{"line":94,"column":5}},"type":"if","locations":[{"start":{"line":72,"column":4},"end":{"line":94,"column":5}},{"start":{"line":72,"column":4},"end":{"line":94,"column":5}}],"line":72},"1":{"loc":{"start":{"line":73,"column":6},"end":{"line":76,"column":38}},"type":"binary-expr","locations":[{"start":{"line":73,"column":6},"end":{"line":73,"column":16}},{"start":{"line":74,"column":6},"end":{"line":74,"column":27}},{"start":{"line":75,"column":6},"end":{"line":75,"column":27}},{"start":{"line":76,"column":6},"end":{"line":76,"column":38}}],"line":73},"2":{"loc":{"start":{"line":83,"column":10},"end":{"line":90,"column":11}},"type":"if","locations":[{"start":{"line":83,"column":10},"end":{"line":90,"column":11}},{"start":{"line":83,"column":10},"end":{"line":90,"column":11}}],"line":83},"3":{"loc":{"start":{"line":87,"column":12},"end":{"line":89,"column":13}},"type":"if","locations":[{"start":{"line":87,"column":12},"end":{"line":89,"column":13}},{"start":{"line":87,"column":12},"end":{"line":89,"column":13}}],"line":87},"4":{"loc":{"start":{"line":87,"column":16},"end":{"line":87,"column":31}},"type":"binary-expr","locations":[{"start":{"line":87,"column":16},"end":{"line":87,"column":21}},{"start":{"line":87,"column":25},"end":{"line":87,"column":31}}],"line":87},"5":{"loc":{"start":{"line":96,"column":4},"end":{"line":100,"column":5}},"type":"if","locations":[{"start":{"line":96,"column":4},"end":{"line":100,"column":5}},{"start":{"line":96,"column":4},"end":{"line":100,"column":5}}],"line":96},"6":{"loc":{"start":{"line":118,"column":29},"end":{"line":118,"column":62}},"type":"cond-expr","locations":[{"start":{"line":118,"column":42},"end":{"line":118,"column":57}},{"start":{"line":118,"column":60},"end":{"line":118,"column":62}}],"line":118},"7":{"loc":{"start":{"line":126,"column":13},"end":{"line":135,"column":13}},"type":"binary-expr","locations":[{"start":{"line":126,"column":13},"end":{"line":126,"column":17}},{"start":{"line":126,"column":21},"end":{"line":126,"column":36}},{"start":{"line":126,"column":40},"end":{"line":126,"column":50}},{"start":{"line":127,"column":14},"end":{"line":134,"column":16}}],"line":126},"8":{"loc":{"start":{"line":130,"column":29},"end":{"line":130,"column":58}},"type":"cond-expr","locations":[{"start":{"line":130,"column":43},"end":{"line":130,"column":54}},{"start":{"line":130,"column":57},"end":{"line":130,"column":58}}],"line":130},"9":{"loc":{"start":{"line":131,"column":23},"end":{"line":131,"column":45}},"type":"cond-expr","locations":[{"start":{"line":131,"column":30},"end":{"line":131,"column":41}},{"start":{"line":131,"column":44},"end":{"line":131,"column":45}}],"line":131},"10":{"loc":{"start":{"line":132,"column":32},"end":{"line":132,"column":67}},"type":"cond-expr","locations":[{"start":{"line":132,"column":49},"end":{"line":132,"column":63}},{"start":{"line":132,"column":66},"end":{"line":132,"column":67}}],"line":132},"11":{"loc":{"start":{"line":200,"column":6},"end":{"line":256,"column":7}},"type":"cond-expr","locations":[{"start":{"line":201,"column":8},"end":{"line":251,"column":10}},{"start":{"line":253,"column":8},"end":{"line":255,"column":13}}],"line":200},"12":{"loc":{"start":{"line":200,"column":6},"end":{"line":200,"column":29}},"type":"binary-expr","locations":[{"start":{"line":200,"column":6},"end":{"line":200,"column":10}},{"start":{"line":200,"column":14},"end":{"line":200,"column":29}}],"line":200},"13":{"loc":{"start":{"line":208,"column":14},"end":{"line":240,"column":15}},"type":"if","locations":[{"start":{"line":208,"column":14},"end":{"line":240,"column":15}},{"start":{"line":208,"column":14},"end":{"line":240,"column":15}}],"line":208},"14":{"loc":{"start":{"line":210,"column":16},"end":{"line":239,"column":17}},"type":"switch","locations":[{"start":{"line":211,"column":18},"end":{"line":220,"column":26}},{"start":{"line":221,"column":18},"end":{"line":231,"column":26}},{"start":{"line":232,"column":18},"end":{"line":238,"column":26}}],"line":210},"15":{"loc":{"start":{"line":222,"column":20},"end":{"line":230,"column":21}},"type":"if","locations":[{"start":{"line":222,"column":20},"end":{"line":230,"column":21}},{"start":{"line":222,"column":20},"end":{"line":230,"column":21}}],"line":222},"16":{"loc":{"start":{"line":225,"column":24},"end":{"line":227,"column":25}},"type":"if","locations":[{"start":{"line":225,"column":24},"end":{"line":227,"column":25}},{"start":{"line":225,"column":24},"end":{"line":227,"column":25}}],"line":225},"17":{"loc":{"start":{"line":274,"column":6},"end":{"line":276,"column":7}},"type":"if","locations":[{"start":{"line":274,"column":6},"end":{"line":276,"column":7}},{"start":{"line":274,"column":6},"end":{"line":276,"column":7}}],"line":274},"18":{"loc":{"start":{"line":278,"column":4},"end":{"line":280,"column":5}},"type":"if","locations":[{"start":{"line":278,"column":4},"end":{"line":280,"column":5}},{"start":{"line":278,"column":4},"end":{"line":280,"column":5}}],"line":278},"19":{"loc":{"start":{"line":282,"column":4},"end":{"line":284,"column":5}},"type":"if","locations":[{"start":{"line":282,"column":4},"end":{"line":284,"column":5}},{"start":{"line":282,"column":4},"end":{"line":284,"column":5}}],"line":282},"20":{"loc":{"start":{"line":290,"column":13},"end":{"line":337,"column":16}},"type":"binary-expr","locations":[{"start":{"line":290,"column":13},"end":{"line":290,"column":20}},{"start":{"line":291,"column":14},"end":{"line":337,"column":16}}],"line":290},"21":{"loc":{"start":{"line":295,"column":16},"end":{"line":311,"column":17}},"type":"if","locations":[{"start":{"line":295,"column":16},"end":{"line":311,"column":17}},{"start":{"line":295,"column":16},"end":{"line":311,"column":17}}],"line":295},"22":{"loc":{"start":{"line":295,"column":20},"end":{"line":295,"column":45}},"type":"binary-expr","locations":[{"start":{"line":295,"column":20},"end":{"line":295,"column":27}},{"start":{"line":295,"column":31},"end":{"line":295,"column":45}}],"line":295},"23":{"loc":{"start":{"line":313,"column":16},"end":{"line":328,"column":17}},"type":"if","locations":[{"start":{"line":313,"column":16},"end":{"line":328,"column":17}},{"start":{"line":313,"column":16},"end":{"line":328,"column":17}}],"line":313},"24":{"loc":{"start":{"line":313,"column":20},"end":{"line":313,"column":76}},"type":"binary-expr","locations":[{"start":{"line":313,"column":20},"end":{"line":313,"column":35}},{"start":{"line":313,"column":39},"end":{"line":313,"column":76}}],"line":313},"25":{"loc":{"start":{"line":334,"column":21},"end":{"line":334,"column":60}},"type":"cond-expr","locations":[{"start":{"line":334,"column":52},"end":{"line":334,"column":54}},{"start":{"line":334,"column":57},"end":{"line":334,"column":60}}],"line":334},"26":{"loc":{"start":{"line":354,"column":6},"end":{"line":356,"column":7}},"type":"if","locations":[{"start":{"line":354,"column":6},"end":{"line":356,"column":7}},{"start":{"line":354,"column":6},"end":{"line":356,"column":7}}],"line":354},"27":{"loc":{"start":{"line":366,"column":15},"end":{"line":366,"column":36}},"type":"cond-expr","locations":[{"start":{"line":366,"column":23},"end":{"line":366,"column":28}},{"start":{"line":366,"column":31},"end":{"line":366,"column":36}}],"line":366}},"s":{"0":0,"1":0,"2":0,"3":0,"4":0,"5":0,"6":0,"7":0,"8":0,"9":0,"10":0,"11":0,"12":0,"13":0,"14":0,"15":0,"16":0,"17":0,"18":0,"19":0,"20":0,"21":0,"22":0,"23":0,"24":0,"25":0,"26":0,"27":0,"28":0,"29":0,"30":0,"31":0,"32":0,"33":0,"34":0,"35":0,"36":0,"37":0,"38":0,"39":0,"40":0,"41":0,"42":0,"43":0,"44":0,"45":0,"46":0,"47":0,"48":0,"49":0,"50":0,"51":0,"52":0,"53":0,"54":0,"55":0,"56":0,"57":0,"58":0,"59":0,"60":0,"61":0,"62":0,"63":0,"64":0,"65":0,"66":0,"67":0,"68":0,"69":0,"70":0,"71":0,"72":0,"73":0,"74":0,"75":0,"76":0,"77":0,"78":0,"79":0,"80":0,"81":0,"82":0,"83":0,"84":0,"85":0,"86":0,"87":0},"f":{"0":0,"1":0,"2":0,"3":0,"4":0,"5":0,"6":0,"7":0,"8":0,"9":0,"10":0,"11":0,"12":0,"13":0,"14":0,"15":0,"16":0,"17":0,"18":0,"19":0,"20":0,"21":0,"22":0,"23":0},"b":{"0":[0,0],"1":[0,0,0,0],"2":[0,0],"3":[0,0],"4":[0,0],"5":[0,0],"6":[0,0],"7":[0,0,0,0],"8":[0,0],"9":[0,0],"10":[0,0],"11":[0,0],"12":[0,0],"13":[0,0],"14":[0,0,0],"15":[0,0],"16":[0,0],"17":[0,0],"18":[0,0],"19":[0,0],"20":[0,0],"21":[0,0],"22":[0,0],"23":[0,0],"24":[0,0],"25":[0,0],"26":[0,0],"27":[0,0]},"hash":"390f373b0149b4901c571b3e522eafdb853422b9"}
,"C:\\Users\\akula.s\\Downloads\\react-typescript-graphql-master (1)\\react-typescript-graphql-master\\client\\src\\components\\datatable\\client-side\\DatatableColumn.tsx": {"path":"C:\\Users\\akula.s\\Downloads\\react-typescript-graphql-master (1)\\react-typescript-graphql-master\\client\\src\\components\\datatable\\client-side\\DatatableColumn.tsx","statementMap":{"0":{"start":{"line":6,"column":70},"end":{"line":15,"column":1}},"1":{"start":{"line":8,"column":2},"end":{"line":12,"column":4}}},"fnMap":{"0":{"name":"(anonymous_0)","decl":{"start":{"line":6,"column":70},"end":{"line":6,"column":71}},"loc":{"start":{"line":6,"column":79},"end":{"line":15,"column":1}},"line":6}},"branchMap":{},"s":{"0":0,"1":0},"f":{"0":0},"b":{},"hash":"8949186ed6d618394ea1bf22e308fe220cfcaff7"}
,"C:\\Users\\akula.s\\Downloads\\react-typescript-graphql-master (1)\\react-typescript-graphql-master\\client\\src\\components\\datatable\\client-side\\DatatableExample.tsx": {"path":"C:\\Users\\akula.s\\Downloads\\react-typescript-graphql-master (1)\\react-typescript-graphql-master\\client\\src\\components\\datatable\\client-side\\DatatableExample.tsx","statementMap":{"0":{"start":{"line":11,"column":4},"end":{"line":11,"column":17}},"1":{"start":{"line":14,"column":14},"end":{"line":16,"column":3}},"2":{"start":{"line":15,"column":4},"end":{"line":15,"column":44}},"3":{"start":{"line":18,"column":12},"end":{"line":26,"column":3}},"4":{"start":{"line":19,"column":4},"end":{"line":25,"column":6}},"5":{"start":{"line":28,"column":16},"end":{"line":30,"column":3}},"6":{"start":{"line":29,"column":4},"end":{"line":29,"column":57}},"7":{"start":{"line":32,"column":15},"end":{"line":34,"column":3}},"8":{"start":{"line":33,"column":4},"end":{"line":33,"column":57}},"9":{"start":{"line":36,"column":28},"end":{"line":41,"column":3}},"10":{"start":{"line":36,"column":41},"end":{"line":41,"column":3}},"11":{"start":{"line":37,"column":4},"end":{"line":37,"column":23}},"12":{"start":{"line":38,"column":4},"end":{"line":40,"column":5}},"13":{"start":{"line":39,"column":6},"end":{"line":39,"column":58}},"14":{"start":{"line":43,"column":11},"end":{"line":75,"column":3}},"15":{"start":{"line":44,"column":21},"end":{"line":44,"column":31}},"16":{"start":{"line":46,"column":4},"end":{"line":74,"column":6}}},"fnMap":{"0":{"name":"(anonymous_0)","decl":{"start":{"line":10,"column":2},"end":{"line":10,"column":3}},"loc":{"start":{"line":10,"column":32},"end":{"line":12,"column":3}},"line":10},"1":{"name":"(anonymous_1)","decl":{"start":{"line":14,"column":14},"end":{"line":14,"column":15}},"loc":{"start":{"line":14,"column":20},"end":{"line":16,"column":3}},"line":14},"2":{"name":"(anonymous_2)","decl":{"start":{"line":18,"column":12},"end":{"line":18,"column":13}},"loc":{"start":{"line":18,"column":18},"end":{"line":26,"column":3}},"line":18},"3":{"name":"(anonymous_3)","decl":{"start":{"line":28,"column":16},"end":{"line":28,"column":17}},"loc":{"start":{"line":28,"column":22},"end":{"line":30,"column":3}},"line":28},"4":{"name":"(anonymous_4)","decl":{"start":{"line":32,"column":15},"end":{"line":32,"column":16}},"loc":{"start":{"line":32,"column":21},"end":{"line":34,"column":3}},"line":32},"5":{"name":"(anonymous_5)","decl":{"start":{"line":36,"column":28},"end":{"line":36,"column":29}},"loc":{"start":{"line":36,"column":41},"end":{"line":41,"column":3}},"line":36},"6":{"name":"(anonymous_6)","decl":{"start":{"line":36,"column":41},"end":{"line":36,"column":42}},"loc":{"start":{"line":36,"column":79},"end":{"line":41,"column":3}},"line":36},"7":{"name":"(anonymous_7)","decl":{"start":{"line":43,"column":11},"end":{"line":43,"column":12}},"loc":{"start":{"line":43,"column":17},"end":{"line":75,"column":3}},"line":43}},"branchMap":{"0":{"loc":{"start":{"line":38,"column":4},"end":{"line":40,"column":5}},"type":"if","locations":[{"start":{"line":38,"column":4},"end":{"line":40,"column":5}},{"start":{"line":38,"column":4},"end":{"line":40,"column":5}}],"line":38},"1":{"loc":{"start":{"line":38,"column":8},"end":{"line":38,"column":20}},"type":"binary-expr","locations":[{"start":{"line":38,"column":8},"end":{"line":38,"column":10}},{"start":{"line":38,"column":14},"end":{"line":38,"column":20}}],"line":38}},"s":{"0":0,"1":0,"2":0,"3":0,"4":0,"5":0,"6":0,"7":0,"8":0,"9":0,"10":0,"11":0,"12":0,"13":0,"14":0,"15":0,"16":0},"f":{"0":0,"1":0,"2":0,"3":0,"4":0,"5":0,"6":0,"7":0},"b":{"0":[0,0],"1":[0,0]},"hash":"2ec0c0621a77e45fc23e526d463f198cb93b6c9d"}
,"C:\\Users\\akula.s\\Downloads\\react-typescript-graphql-master (1)\\react-typescript-graphql-master\\client\\src\\components\\datatable\\client-side\\DatatableHeader.tsx": {"path":"C:\\Users\\akula.s\\Downloads\\react-typescript-graphql-master (1)\\react-typescript-graphql-master\\client\\src\\components\\datatable\\client-side\\DatatableHeader.tsx","statementMap":{"0":{"start":{"line":12,"column":53},"end":{"line":53,"column":1}},"1":{"start":{"line":13,"column":41},"end":{"line":13,"column":46}},"2":{"start":{"line":14,"column":2},"end":{"line":52,"column":4}}},"fnMap":{"0":{"name":"(anonymous_0)","decl":{"start":{"line":12,"column":53},"end":{"line":12,"column":54}},"loc":{"start":{"line":12,"column":62},"end":{"line":53,"column":1}},"line":12}},"branchMap":{},"s":{"0":0,"1":0,"2":0},"f":{"0":0},"b":{},"hash":"516e0770b7653cc54154b9ed4f4bc4595931b435"}
,"C:\\Users\\akula.s\\Downloads\\react-typescript-graphql-master (1)\\react-typescript-graphql-master\\client\\src\\components\\datatable\\client-side\\DatatableModels.ts": {"path":"C:\\Users\\akula.s\\Downloads\\react-typescript-graphql-master (1)\\react-typescript-graphql-master\\client\\src\\components\\datatable\\client-side\\DatatableModels.ts","statementMap":{},"fnMap":{},"branchMap":{},"s":{},"f":{},"b":{},"hash":"e0e2b19bbd9e7590a81dc314bf35f14b24684be2"}
,"C:\\Users\\akula.s\\Downloads\\react-typescript-graphql-master (1)\\react-typescript-graphql-master\\client\\src\\components\\datatable\\client-side\\DatatablePagination.tsx": {"path":"C:\\Users\\akula.s\\Downloads\\react-typescript-graphql-master (1)\\react-typescript-graphql-master\\client\\src\\components\\datatable\\client-side\\DatatablePagination.tsx","statementMap":{"0":{"start":{"line":44,"column":4},"end":{"line":44,"column":17}},"1":{"start":{"line":46,"column":4},"end":{"line":48,"column":6}},"2":{"start":{"line":51,"column":21},"end":{"line":54,"column":3}},"3":{"start":{"line":51,"column":39},"end":{"line":54,"column":3}},"4":{"start":{"line":52,"column":4},"end":{"line":52,"column":23}},"5":{"start":{"line":53,"column":4},"end":{"line":53,"column":33}},"6":{"start":{"line":58,"column":4},"end":{"line":60,"column":5}},"7":{"start":{"line":59,"column":6},"end":{"line":59,"column":53}},"8":{"start":{"line":68,"column":4},"end":{"line":70,"column":5}},"9":{"start":{"line":69,"column":6},"end":{"line":69,"column":53}},"10":{"start":{"line":74,"column":48},"end":{"line":74,"column":58}},"11":{"start":{"line":76,"column":18},"end":{"line":76,"column":33}},"12":{"start":{"line":79,"column":23},"end":{"line":79,"column":53}},"13":{"start":{"line":81,"column":31},"end":{"line":81,"column":33}},"14":{"start":{"line":82,"column":4},"end":{"line":100,"column":7}},"15":{"start":{"line":83,"column":6},"end":{"line":99,"column":7}},"16":{"start":{"line":84,"column":8},"end":{"line":90,"column":10}},"17":{"start":{"line":92,"column":8},"end":{"line":98,"column":10}},"18":{"start":{"line":103,"column":6},"end":{"line":106,"column":10}},"19":{"start":{"line":110,"column":6},"end":{"line":113,"column":10}},"20":{"start":{"line":116,"column":4},"end":{"line":157,"column":6}},"21":{"start":{"line":160,"column":13},"end":{"line":198,"column":3}},"22":{"start":{"line":161,"column":51},"end":{"line":161,"column":61}},"23":{"start":{"line":163,"column":22},"end":{"line":163,"column":44}},"24":{"start":{"line":165,"column":23},"end":{"line":165,"column":53}},"25":{"start":{"line":167,"column":4},"end":{"line":171,"column":5}},"26":{"start":{"line":168,"column":6},"end":{"line":168,"column":22}},"27":{"start":{"line":169,"column":11},"end":{"line":171,"column":5}},"28":{"start":{"line":170,"column":6},"end":{"line":170,"column":31}},"29":{"start":{"line":173,"column":25},"end":{"line":173,"column":26}},"30":{"start":{"line":174,"column":23},"end":{"line":174,"column":24}},"31":{"start":{"line":176,"column":4},"end":{"line":193,"column":5}},"32":{"start":{"line":177,"column":6},"end":{"line":177,"column":20}},"33":{"start":{"line":178,"column":6},"end":{"line":178,"column":27}},"34":{"start":{"line":180,"column":40},"end":{"line":180,"column":70}},"35":{"start":{"line":181,"column":39},"end":{"line":181,"column":72}},"36":{"start":{"line":183,"column":6},"end":{"line":192,"column":7}},"37":{"start":{"line":184,"column":8},"end":{"line":184,"column":22}},"38":{"start":{"line":185,"column":8},"end":{"line":185,"column":33}},"39":{"start":{"line":186,"column":13},"end":{"line":192,"column":7}},"40":{"start":{"line":187,"column":8},"end":{"line":187,"column":52}},"41":{"start":{"line":188,"column":8},"end":{"line":188,"column":29}},"42":{"start":{"line":190,"column":8},"end":{"line":190,"column":60}},"43":{"start":{"line":191,"column":8},"end":{"line":191,"column":57}},"44":{"start":{"line":195,"column":4},"end":{"line":197,"column":6}},"45":{"start":{"line":196,"column":11},"end":{"line":196,"column":24}},"46":{"start":{"line":200,"column":22},"end":{"line":214,"column":3}},"47":{"start":{"line":201,"column":21},"end":{"line":201,"column":31}},"48":{"start":{"line":203,"column":4},"end":{"line":213,"column":5}},"49":{"start":{"line":204,"column":20},"end":{"line":204,"column":31}},"50":{"start":{"line":205,"column":26},"end":{"line":205,"column":30}},"51":{"start":{"line":206,"column":26},"end":{"line":206,"column":77}},"52":{"start":{"line":207,"column":25},"end":{"line":207,"column":56}},"53":{"start":{"line":208,"column":23},"end":{"line":208,"column":72}},"54":{"start":{"line":210,"column":20},"end":{"line":210,"column":70}},"55":{"start":{"line":212,"column":6},"end":{"line":212,"column":47}},"56":{"start":{"line":216,"column":22},"end":{"line":219,"column":3}},"57":{"start":{"line":217,"column":19},"end":{"line":217,"column":45}},"58":{"start":{"line":218,"column":4},"end":{"line":218,"column":18}}},"fnMap":{"0":{"name":"(anonymous_0)","decl":{"start":{"line":43,"column":2},"end":{"line":43,"column":3}},"loc":{"start":{"line":43,"column":48},"end":{"line":49,"column":3}},"line":43},"1":{"name":"(anonymous_1)","decl":{"start":{"line":51,"column":21},"end":{"line":51,"column":22}},"loc":{"start":{"line":51,"column":39},"end":{"line":54,"column":3}},"line":51},"2":{"name":"(anonymous_2)","decl":{"start":{"line":51,"column":39},"end":{"line":51,"column":40}},"loc":{"start":{"line":51,"column":64},"end":{"line":54,"column":3}},"line":51},"3":{"name":"(anonymous_3)","decl":{"start":{"line":56,"column":2},"end":{"line":56,"column":3}},"loc":{"start":{"line":56,"column":22},"end":{"line":61,"column":3}},"line":56},"4":{"name":"(anonymous_4)","decl":{"start":{"line":63,"column":2},"end":{"line":63,"column":3}},"loc":{"start":{"line":66,"column":4},"end":{"line":71,"column":3}},"line":66},"5":{"name":"(anonymous_5)","decl":{"start":{"line":73,"column":2},"end":{"line":73,"column":3}},"loc":{"start":{"line":73,"column":11},"end":{"line":158,"column":3}},"line":73},"6":{"name":"(anonymous_6)","decl":{"start":{"line":82,"column":14},"end":{"line":82,"column":15}},"loc":{"start":{"line":82,"column":31},"end":{"line":100,"column":5}},"line":82},"7":{"name":"(anonymous_7)","decl":{"start":{"line":160,"column":13},"end":{"line":160,"column":14}},"loc":{"start":{"line":160,"column":19},"end":{"line":198,"column":3}},"line":160},"8":{"name":"(anonymous_8)","decl":{"start":{"line":196,"column":6},"end":{"line":196,"column":7}},"loc":{"start":{"line":196,"column":11},"end":{"line":196,"column":24}},"line":196},"9":{"name":"(anonymous_9)","decl":{"start":{"line":200,"column":22},"end":{"line":200,"column":23}},"loc":{"start":{"line":200,"column":40},"end":{"line":214,"column":3}},"line":200},"10":{"name":"(anonymous_10)","decl":{"start":{"line":216,"column":22},"end":{"line":216,"column":23}},"loc":{"start":{"line":216,"column":67},"end":{"line":219,"column":3}},"line":216}},"branchMap":{"0":{"loc":{"start":{"line":58,"column":4},"end":{"line":60,"column":5}},"type":"if","locations":[{"start":{"line":58,"column":4},"end":{"line":60,"column":5}},{"start":{"line":58,"column":4},"end":{"line":60,"column":5}}],"line":58},"1":{"loc":{"start":{"line":58,"column":8},"end":{"line":58,"column":49}},"type":"binary-expr","locations":[{"start":{"line":58,"column":8},"end":{"line":58,"column":23}},{"start":{"line":58,"column":27},"end":{"line":58,"column":49}}],"line":58},"2":{"loc":{"start":{"line":68,"column":4},"end":{"line":70,"column":5}},"type":"if","locations":[{"start":{"line":68,"column":4},"end":{"line":70,"column":5}},{"start":{"line":68,"column":4},"end":{"line":70,"column":5}}],"line":68},"3":{"loc":{"start":{"line":83,"column":6},"end":{"line":99,"column":7}},"type":"if","locations":[{"start":{"line":83,"column":6},"end":{"line":99,"column":7}},{"start":{"line":83,"column":6},"end":{"line":99,"column":7}}],"line":83},"4":{"loc":{"start":{"line":124,"column":17},"end":{"line":135,"column":17}},"type":"cond-expr","locations":[{"start":{"line":125,"column":18},"end":{"line":130,"column":23}},{"start":{"line":132,"column":18},"end":{"line":134,"column":23}}],"line":124},"5":{"loc":{"start":{"line":140,"column":17},"end":{"line":151,"column":17}},"type":"cond-expr","locations":[{"start":{"line":141,"column":18},"end":{"line":146,"column":23}},{"start":{"line":148,"column":18},"end":{"line":150,"column":23}}],"line":140},"6":{"loc":{"start":{"line":167,"column":4},"end":{"line":171,"column":5}},"type":"if","locations":[{"start":{"line":167,"column":4},"end":{"line":171,"column":5}},{"start":{"line":167,"column":4},"end":{"line":171,"column":5}}],"line":167},"7":{"loc":{"start":{"line":169,"column":11},"end":{"line":171,"column":5}},"type":"if","locations":[{"start":{"line":169,"column":11},"end":{"line":171,"column":5}},{"start":{"line":169,"column":11},"end":{"line":171,"column":5}}],"line":169},"8":{"loc":{"start":{"line":176,"column":4},"end":{"line":193,"column":5}},"type":"if","locations":[{"start":{"line":176,"column":4},"end":{"line":193,"column":5}},{"start":{"line":176,"column":4},"end":{"line":193,"column":5}}],"line":176},"9":{"loc":{"start":{"line":183,"column":6},"end":{"line":192,"column":7}},"type":"if","locations":[{"start":{"line":183,"column":6},"end":{"line":192,"column":7}},{"start":{"line":183,"column":6},"end":{"line":192,"column":7}}],"line":183},"10":{"loc":{"start":{"line":186,"column":13},"end":{"line":192,"column":7}},"type":"if","locations":[{"start":{"line":186,"column":13},"end":{"line":192,"column":7}},{"start":{"line":186,"column":13},"end":{"line":192,"column":7}}],"line":186},"11":{"loc":{"start":{"line":203,"column":4},"end":{"line":213,"column":5}},"type":"if","locations":[{"start":{"line":203,"column":4},"end":{"line":213,"column":5}},{"start":{"line":203,"column":4},"end":{"line":213,"column":5}}],"line":203},"12":{"loc":{"start":{"line":206,"column":26},"end":{"line":206,"column":77}},"type":"cond-expr","locations":[{"start":{"line":206,"column":51},"end":{"line":206,"column":73}},{"start":{"line":206,"column":76},"end":{"line":206,"column":77}}],"line":206}},"s":{"0":0,"1":0,"2":0,"3":0,"4":0,"5":0,"6":0,"7":0,"8":0,"9":0,"10":0,"11":0,"12":0,"13":0,"14":0,"15":0,"16":0,"17":0,"18":0,"19":0,"20":0,"21":0,"22":0,"23":0,"24":0,"25":0,"26":0,"27":0,"28":0,"29":0,"30":0,"31":0,"32":0,"33":0,"34":0,"35":0,"36":0,"37":0,"38":0,"39":0,"40":0,"41":0,"42":0,"43":0,"44":0,"45":0,"46":0,"47":0,"48":0,"49":0,"50":0,"51":0,"52":0,"53":0,"54":0,"55":0,"56":0,"57":0,"58":0},"f":{"0":0,"1":0,"2":0,"3":0,"4":0,"5":0,"6":0,"7":0,"8":0,"9":0,"10":0},"b":{"0":[0,0],"1":[0,0],"2":[0,0],"3":[0,0],"4":[0,0],"5":[0,0],"6":[0,0],"7":[0,0],"8":[0,0],"9":[0,0],"10":[0,0],"11":[0,0],"12":[0,0]},"hash":"8e9acfd9e72718416a626a41e34639889d71d625"}
,"C:\\Users\\akula.s\\Downloads\\react-typescript-graphql-master (1)\\react-typescript-graphql-master\\client\\src\\graphql\\apollo.client.ts": {"path":"C:\\Users\\akula.s\\Downloads\\react-typescript-graphql-master (1)\\react-typescript-graphql-master\\client\\src\\graphql\\apollo.client.ts","statementMap":{"0":{"start":{"line":3,"column":14},"end":{"line":3,"column":56}},"1":{"start":{"line":4,"column":21},"end":{"line":8,"column":2}}},"fnMap":{},"branchMap":{},"s":{"0":1,"1":1},"f":{},"b":{},"_coverageSchema":"43e27e138ebf9cfc5966b082cf9a028302ed4184","hash":"c5d4902a63ae5288d6c89a1dbd75232f624b4fe4"}
,"C:\\Users\\akula.s\\Downloads\\react-typescript-graphql-master (1)\\react-typescript-graphql-master\\client\\src\\graphql\\mutations\\contact.mutations.ts": {"path":"C:\\Users\\akula.s\\Downloads\\react-typescript-graphql-master (1)\\react-typescript-graphql-master\\client\\src\\graphql\\mutations\\contact.mutations.ts","statementMap":{"0":{"start":{"line":3,"column":34},"end":{"line":11,"column":4}},"1":{"start":{"line":13,"column":37},"end":{"line":21,"column":4}},"2":{"start":{"line":23,"column":38},"end":{"line":27,"column":1}}},"fnMap":{},"branchMap":{},"s":{"0":1,"1":1,"2":1},"f":{},"b":{},"_coverageSchema":"43e27e138ebf9cfc5966b082cf9a028302ed4184","hash":"cdad2bbd35c686de7d08c99c6c70ba96b2e37c83"}
,"C:\\Users\\akula.s\\Downloads\\react-typescript-graphql-master (1)\\react-typescript-graphql-master\\client\\src\\graphql\\queries\\contact.queries.ts": {"path":"C:\\Users\\akula.s\\Downloads\\react-typescript-graphql-master (1)\\react-typescript-graphql-master\\client\\src\\graphql\\queries\\contact.queries.ts","statementMap":{"0":{"start":{"line":3,"column":32},"end":{"line":11,"column":2}},"1":{"start":{"line":14,"column":34},"end":{"line":22,"column":4}}},"fnMap":{},"branchMap":{},"s":{"0":1,"1":1},"f":{},"b":{},"_coverageSchema":"43e27e138ebf9cfc5966b082cf9a028302ed4184","hash":"09904ff8cced20f8b75fd053b8a2f8bfa43a1383"}
,"C:\\Users\\akula.s\\Downloads\\react-typescript-graphql-master (1)\\react-typescript-graphql-master\\client\\src\\models\\contact.ts": {"path":"C:\\Users\\akula.s\\Downloads\\react-typescript-graphql-master (1)\\react-typescript-graphql-master\\client\\src\\models\\contact.ts","statementMap":{},"fnMap":{},"branchMap":{},"s":{},"f":{},"b":{},"hash":"f7fdf3a83bd6a900e2da88ad04c42ba5c84e6194"}
,"C:\\Users\\akula.s\\Downloads\\react-typescript-graphql-master (1)\\react-typescript-graphql-master\\client\\src\\services\\contactLocalStorageService.ts": {"path":"C:\\Users\\akula.s\\Downloads\\react-typescript-graphql-master (1)\\react-typescript-graphql-master\\client\\src\\services\\contactLocalStorageService.ts","statementMap":{"0":{"start":{"line":4,"column":24},"end":{"line":4,"column":34}},"1":{"start":{"line":7,"column":18},"end":{"line":14,"column":3}},"2":{"start":{"line":8,"column":23},"end":{"line":8,"column":53}},"3":{"start":{"line":9,"column":4},"end":{"line":12,"column":5}},"4":{"start":{"line":10,"column":35},"end":{"line":10,"column":57}},"5":{"start":{"line":11,"column":6},"end":{"line":11,"column":22}},"6":{"start":{"line":13,"column":4},"end":{"line":13,"column":16}},"7":{"start":{"line":16,"column":12},"end":{"line":23,"column":3}},"8":{"start":{"line":17,"column":23},"end":{"line":17,"column":43}},"9":{"start":{"line":18,"column":4},"end":{"line":21,"column":5}},"10":{"start":{"line":19,"column":22},"end":{"line":19,"column":63}},"11":{"start":{"line":19,"column":48},"end":{"line":19,"column":62}},"12":{"start":{"line":20,"column":6},"end":{"line":20,"column":23}},"13":{"start":{"line":22,"column":4},"end":{"line":22,"column":15}},"14":{"start":{"line":27,"column":16},"end":{"line":40,"column":3}},"15":{"start":{"line":28,"column":26},"end":{"line":28,"column":27}},"16":{"start":{"line":31,"column":31},"end":{"line":31,"column":33}},"17":{"start":{"line":32,"column":23},"end":{"line":32,"column":43}},"18":{"start":{"line":33,"column":4},"end":{"line":36,"column":5}},"19":{"start":{"line":34,"column":6},"end":{"line":34,"column":28}},"20":{"start":{"line":35,"column":6},"end":{"line":35,"column":35}},"21":{"start":{"line":37,"column":4},"end":{"line":37,"column":25}},"22":{"start":{"line":38,"column":4},"end":{"line":38,"column":27}},"23":{"start":{"line":39,"column":4},"end":{"line":39,"column":31}},"24":{"start":{"line":42,"column":18},"end":{"line":55,"column":3}},"25":{"start":{"line":43,"column":21},"end":{"line":43,"column":41}},"26":{"start":{"line":44,"column":4},"end":{"line":54,"column":5}},"27":{"start":{"line":45,"column":28},"end":{"line":45,"column":61}},"28":{"start":{"line":45,"column":49},"end":{"line":45,"column":60}},"29":{"start":{"line":46,"column":20},"end":{"line":46,"column":58}},"30":{"start":{"line":46,"column":46},"end":{"line":46,"column":57}},"31":{"start":{"line":47,"column":6},"end":{"line":52,"column":7}},"32":{"start":{"line":48,"column":8},"end":{"line":48,"column":43}},"33":{"start":{"line":49,"column":8},"end":{"line":49,"column":45}},"34":{"start":{"line":50,"column":8},"end":{"line":50,"column":57}},"35":{"start":{"line":51,"column":8},"end":{"line":51,"column":43}},"36":{"start":{"line":53,"column":6},"end":{"line":53,"column":35}},"37":{"start":{"line":57,"column":15},"end":{"line":63,"column":3}},"38":{"start":{"line":58,"column":23},"end":{"line":58,"column":43}},"39":{"start":{"line":59,"column":4},"end":{"line":62,"column":5}},"40":{"start":{"line":60,"column":23},"end":{"line":60,"column":64}},"41":{"start":{"line":60,"column":49},"end":{"line":60,"column":63}},"42":{"start":{"line":61,"column":6},"end":{"line":61,"column":33}},"43":{"start":{"line":65,"column":17},"end":{"line":67,"column":3}},"44":{"start":{"line":66,"column":4},"end":{"line":66,"column":61}},"45":{"start":{"line":69,"column":14},"end":{"line":71,"column":3}},"46":{"start":{"line":70,"column":4},"end":{"line":70,"column":37}},"47":{"start":{"line":75,"column":35},"end":{"line":75,"column":60}}},"fnMap":{"0":{"name":"(anonymous_0)","decl":{"start":{"line":7,"column":18},"end":{"line":7,"column":19}},"loc":{"start":{"line":7,"column":24},"end":{"line":14,"column":3}},"line":7},"1":{"name":"(anonymous_1)","decl":{"start":{"line":16,"column":12},"end":{"line":16,"column":13}},"loc":{"start":{"line":16,"column":28},"end":{"line":23,"column":3}},"line":16},"2":{"name":"(anonymous_2)","decl":{"start":{"line":19,"column":40},"end":{"line":19,"column":41}},"loc":{"start":{"line":19,"column":48},"end":{"line":19,"column":62}},"line":19},"3":{"name":"(anonymous_3)","decl":{"start":{"line":27,"column":16},"end":{"line":27,"column":17}},"loc":{"start":{"line":27,"column":39},"end":{"line":40,"column":3}},"line":27},"4":{"name":"(anonymous_4)","decl":{"start":{"line":42,"column":18},"end":{"line":42,"column":19}},"loc":{"start":{"line":42,"column":53},"end":{"line":55,"column":3}},"line":42},"5":{"name":"(anonymous_5)","decl":{"start":{"line":45,"column":44},"end":{"line":45,"column":45}},"loc":{"start":{"line":45,"column":49},"end":{"line":45,"column":60}},"line":45},"6":{"name":"(anonymous_6)","decl":{"start":{"line":46,"column":41},"end":{"line":46,"column":42}},"loc":{"start":{"line":46,"column":46},"end":{"line":46,"column":57}},"line":46},"7":{"name":"(anonymous_7)","decl":{"start":{"line":57,"column":15},"end":{"line":57,"column":16}},"loc":{"start":{"line":57,"column":31},"end":{"line":63,"column":3}},"line":57},"8":{"name":"(anonymous_8)","decl":{"start":{"line":60,"column":41},"end":{"line":60,"column":42}},"loc":{"start":{"line":60,"column":49},"end":{"line":60,"column":63}},"line":60},"9":{"name":"(anonymous_9)","decl":{"start":{"line":65,"column":17},"end":{"line":65,"column":18}},"loc":{"start":{"line":65,"column":44},"end":{"line":67,"column":3}},"line":65},"10":{"name":"(anonymous_10)","decl":{"start":{"line":69,"column":14},"end":{"line":69,"column":15}},"loc":{"start":{"line":69,"column":20},"end":{"line":71,"column":3}},"line":69}},"branchMap":{"0":{"loc":{"start":{"line":9,"column":4},"end":{"line":12,"column":5}},"type":"if","locations":[{"start":{"line":9,"column":4},"end":{"line":12,"column":5}},{"start":{"line":9,"column":4},"end":{"line":12,"column":5}}],"line":9},"1":{"loc":{"start":{"line":18,"column":4},"end":{"line":21,"column":5}},"type":"if","locations":[{"start":{"line":18,"column":4},"end":{"line":21,"column":5}},{"start":{"line":18,"column":4},"end":{"line":21,"column":5}}],"line":18},"2":{"loc":{"start":{"line":33,"column":4},"end":{"line":36,"column":5}},"type":"if","locations":[{"start":{"line":33,"column":4},"end":{"line":36,"column":5}},{"start":{"line":33,"column":4},"end":{"line":36,"column":5}}],"line":33},"3":{"loc":{"start":{"line":44,"column":4},"end":{"line":54,"column":5}},"type":"if","locations":[{"start":{"line":44,"column":4},"end":{"line":54,"column":5}},{"start":{"line":44,"column":4},"end":{"line":54,"column":5}}],"line":44},"4":{"loc":{"start":{"line":47,"column":6},"end":{"line":52,"column":7}},"type":"if","locations":[{"start":{"line":47,"column":6},"end":{"line":52,"column":7}},{"start":{"line":47,"column":6},"end":{"line":52,"column":7}}],"line":47},"5":{"loc":{"start":{"line":59,"column":4},"end":{"line":62,"column":5}},"type":"if","locations":[{"start":{"line":59,"column":4},"end":{"line":62,"column":5}},{"start":{"line":59,"column":4},"end":{"line":62,"column":5}}],"line":59}},"s":{"0":0,"1":0,"2":0,"3":0,"4":0,"5":0,"6":0,"7":0,"8":0,"9":0,"10":0,"11":0,"12":0,"13":0,"14":0,"15":0,"16":0,"17":0,"18":0,"19":0,"20":0,"21":0,"22":0,"23":0,"24":0,"25":0,"26":0,"27":0,"28":0,"29":0,"30":0,"31":0,"32":0,"33":0,"34":0,"35":0,"36":0,"37":0,"38":0,"39":0,"40":0,"41":0,"42":0,"43":0,"44":0,"45":0,"46":0,"47":0},"f":{"0":0,"1":0,"2":0,"3":0,"4":0,"5":0,"6":0,"7":0,"8":0,"9":0,"10":0},"b":{"0":[0,0],"1":[0,0],"2":[0,0],"3":[0,0],"4":[0,0],"5":[0,0]},"hash":"cf36091a7d30277083f3b359e2def58791861733"}
}
