{"D:\\react-typescript-graphql-master\\client\\src\\components\\contact\\contact.creation.tsx": {"path":"D:\\react-typescript-graphql-master\\client\\src\\components\\contact\\contact.creation.tsx","statementMap":{"0":{"start":{"line":11,"column":60},"end":{"line":142,"column":1}},"1":{"start":{"line":14,"column":40},"end":{"line":19,"column":3}},"2":{"start":{"line":21,"column":17},"end":{"line":21,"column":34}},"3":{"start":{"line":23,"column":23},"end":{"line":23,"column":54}},"4":{"start":{"line":26,"column":32},"end":{"line":26,"column":67}},"5":{"start":{"line":28,"column":2},"end":{"line":35,"column":27}},"6":{"start":{"line":29,"column":4},"end":{"line":34,"column":5}},"7":{"start":{"line":30,"column":6},"end":{"line":33,"column":9}},"8":{"start":{"line":31,"column":24},"end":{"line":31,"column":55}},"9":{"start":{"line":32,"column":8},"end":{"line":32,"column":27}},"10":{"start":{"line":37,"column":22},"end":{"line":39,"column":3}},"11":{"start":{"line":38,"column":4},"end":{"line":38,"column":36}},"12":{"start":{"line":41,"column":23},"end":{"line":64,"column":3}},"13":{"start":{"line":44,"column":4},"end":{"line":44,"column":23}},"14":{"start":{"line":46,"column":4},"end":{"line":61,"column":5}},"15":{"start":{"line":47,"column":6},"end":{"line":55,"column":9}},"16":{"start":{"line":53,"column":24},"end":{"line":53,"column":55}},"17":{"start":{"line":54,"column":8},"end":{"line":54,"column":46}},"18":{"start":{"line":57,"column":6},"end":{"line":60,"column":8}},"19":{"start":{"line":63,"column":4},"end":{"line":63,"column":18}},"20":{"start":{"line":70,"column":28},"end":{"line":77,"column":3}},"21":{"start":{"line":73,"column":4},"end":{"line":73,"column":23}},"22":{"start":{"line":75,"column":19},"end":{"line":75,"column":34}},"23":{"start":{"line":76,"column":4},"end":{"line":76,"column":73}},"24":{"start":{"line":76,"column":27},"end":{"line":76,"column":70}},"25":{"start":{"line":79,"column":2},"end":{"line":141,"column":4}}},"fnMap":{"0":{"name":"(anonymous_0)","decl":{"start":{"line":11,"column":60},"end":{"line":11,"column":61}},"loc":{"start":{"line":13,"column":5},"end":{"line":142,"column":1}},"line":13},"1":{"name":"(anonymous_1)","decl":{"start":{"line":28,"column":18},"end":{"line":28,"column":19}},"loc":{"start":{"line":28,"column":24},"end":{"line":35,"column":3}},"line":28},"2":{"name":"(anonymous_2)","decl":{"start":{"line":30,"column":91},"end":{"line":30,"column":92}},"loc":{"start":{"line":30,"column":101},"end":{"line":33,"column":7}},"line":30},"3":{"name":"(anonymous_3)","decl":{"start":{"line":37,"column":22},"end":{"line":37,"column":23}},"loc":{"start":{"line":37,"column":28},"end":{"line":39,"column":3}},"line":37},"4":{"name":"(anonymous_4)","decl":{"start":{"line":41,"column":23},"end":{"line":41,"column":24}},"loc":{"start":{"line":43,"column":7},"end":{"line":64,"column":3}},"line":43},"5":{"name":"(anonymous_5)","decl":{"start":{"line":52,"column":60},"end":{"line":52,"column":61}},"loc":{"start":{"line":52,"column":70},"end":{"line":55,"column":7}},"line":52},"6":{"name":"(anonymous_6)","decl":{"start":{"line":70,"column":28},"end":{"line":70,"column":29}},"loc":{"start":{"line":72,"column":13},"end":{"line":77,"column":3}},"line":72},"7":{"name":"(anonymous_7)","decl":{"start":{"line":76,"column":15},"end":{"line":76,"column":16}},"loc":{"start":{"line":76,"column":27},"end":{"line":76,"column":70}},"line":76}},"branchMap":{"0":{"loc":{"start":{"line":29,"column":4},"end":{"line":34,"column":5}},"type":"if","locations":[{"start":{"line":29,"column":4},"end":{"line":34,"column":5}},{"start":{"line":29,"column":4},"end":{"line":34,"column":5}}],"line":29},"1":{"loc":{"start":{"line":29,"column":8},"end":{"line":29,"column":55}},"type":"binary-expr","locations":[{"start":{"line":29,"column":8},"end":{"line":29,"column":27}},{"start":{"line":29,"column":31},"end":{"line":29,"column":55}}],"line":29},"2":{"loc":{"start":{"line":46,"column":4},"end":{"line":61,"column":5}},"type":"if","locations":[{"start":{"line":46,"column":4},"end":{"line":61,"column":5}},{"start":{"line":46,"column":4},"end":{"line":61,"column":5}}],"line":46},"3":{"loc":{"start":{"line":133,"column":15},"end":{"line":133,"column":106}},"type":"binary-expr","locations":[{"start":{"line":133,"column":15},"end":{"line":133,"column":29}},{"start":{"line":133,"column":33},"end":{"line":133,"column":106}}],"line":133},"4":{"loc":{"start":{"line":134,"column":15},"end":{"line":134,"column":106}},"type":"binary-expr","locations":[{"start":{"line":134,"column":15},"end":{"line":134,"column":30}},{"start":{"line":134,"column":34},"end":{"line":134,"column":106}}],"line":134}},"s":{"0":2,"1":9,"2":9,"3":9,"4":9,"5":9,"6":9,"7":0,"8":0,"9":0,"10":9,"11":0,"12":9,"13":0,"14":0,"15":0,"16":0,"17":0,"18":0,"19":0,"20":9,"21":0,"22":0,"23":0,"24":0,"25":9},"f":{"0":9,"1":9,"2":0,"3":0,"4":0,"5":0,"6":0,"7":0},"b":{"0":[0,9],"1":[9,0],"2":[0,0],"3":[9,0],"4":[9,9]},"_coverageSchema":"43e27e138ebf9cfc5966b082cf9a028302ed4184","hash":"f63bed5b0d8e66f557d41022ed4c821d3ca1f09b"}
}
